7/25/2018 6:54:11 PM	This log contains information about the import schema operation into project 'Database' on computer 'PRGLAP8D89HM2' by user '10055796'.
7/25/2018 6:54:11 PM	Import of database schema has started.
7/25/2018 6:54:24 PM	Gathering logins
7/25/2018 6:57:25 PM	Gathering database credentials
7/25/2018 6:57:25 PM	Gathering database options
7/25/2018 6:57:25 PM	Gathering generic database scoped configuration option
7/25/2018 6:57:25 PM	Gathering users
7/25/2018 6:57:25 PM	Gathering roles
7/25/2018 6:57:25 PM	Gathering application roles
7/25/2018 6:57:25 PM	Gathering role memberships
7/25/2018 6:57:25 PM	Gathering filegroups
7/25/2018 6:57:26 PM	Gathering full-text catalogs
7/25/2018 6:57:26 PM	Gathering assemblies
7/25/2018 6:57:26 PM	Gathering certificates
7/25/2018 6:57:26 PM	Gathering symmetric keys
7/25/2018 6:57:26 PM	Gathering encrypted symmetric keys
7/25/2018 6:57:26 PM	Gathering schemas
7/25/2018 6:57:26 PM	Gathering XML schema collections
7/25/2018 6:57:26 PM	Gathering user-defined data types
7/25/2018 6:57:26 PM	Gathering user-defined types
7/25/2018 6:57:26 PM	Gathering table types
7/25/2018 6:57:26 PM	Gathering unique keys for table types
7/25/2018 6:57:26 PM	Gathering primary keys for table types
7/25/2018 6:57:26 PM	Gathering indexes for table types
7/25/2018 6:57:26 PM	Gathering check constraints for table types
7/25/2018 6:57:26 PM	Gathering default constraints for table types
7/25/2018 6:57:26 PM	Gathering partition functions
7/25/2018 6:57:26 PM	Gathering partition schemes
7/25/2018 6:57:26 PM	Gathering functions
7/25/2018 6:57:26 PM	Gathering encrypted functions
7/25/2018 6:57:26 PM	Gathering aggregates
7/25/2018 6:57:26 PM	Gathering procedures
7/25/2018 6:57:27 PM	Gathering encrypted procedures
7/25/2018 6:57:27 PM	Gathering tables
7/25/2018 6:57:28 PM	Gathering primary keys
7/25/2018 6:57:29 PM	Gathering unique constraints
7/25/2018 6:57:29 PM	Gathering foreign keys
7/25/2018 6:57:29 PM	Gathering default constraints
7/25/2018 6:57:29 PM	Gathering check constraints
7/25/2018 6:57:29 PM	Gathering views
7/25/2018 6:57:29 PM	Gathering encrypted views
7/25/2018 6:57:29 PM	Gathering indexes
7/25/2018 6:57:29 PM	Gathering statistics
7/25/2018 6:57:29 PM	Gathering full-text index stoplists
7/25/2018 6:57:29 PM	Gathering search property lists
7/25/2018 6:57:29 PM	Gathering search properties
7/25/2018 6:57:29 PM	Gathering full-text indexes
7/25/2018 6:57:29 PM	Gathering column store indexes
7/25/2018 6:57:29 PM	Gathering spatial indexes
7/25/2018 6:57:29 PM	Gathering XML indexes
7/25/2018 6:57:29 PM	Gathering Selective XML indexes
7/25/2018 6:57:29 PM	Gathering encrypted triggers
7/25/2018 6:57:29 PM	Gathering triggers
7/25/2018 6:57:30 PM	Gathering encrypted and clr ddl triggers
7/25/2018 6:57:30 PM	Gathering ddl triggers
7/25/2018 6:57:30 PM	Gathering synonyms
7/25/2018 6:57:30 PM	Gathering defaults
7/25/2018 6:57:30 PM	Gathering data constraint uddt bindings
7/25/2018 6:57:30 PM	Gathering rules
7/25/2018 6:57:30 PM	Gathering data constraint uddt bindings
7/25/2018 6:57:30 PM	Gathering message types
7/25/2018 6:57:30 PM	Gathering queues
7/25/2018 6:57:30 PM	Gathering contracts
7/25/2018 6:57:30 PM	Gathering services
7/25/2018 6:57:30 PM	Gathering event notifications
7/25/2018 6:57:30 PM	Gathering remote service bindings
7/25/2018 6:57:30 PM	Gathering broker priorities
7/25/2018 6:57:30 PM	Gathering signatures
7/25/2018 6:57:30 PM	Gathering data compression options
7/25/2018 6:57:30 PM	Gathering sequence types
7/25/2018 6:57:30 PM	Gathering security policies
7/25/2018 6:57:30 PM	Gather column encryption keys
7/25/2018 6:57:30 PM	Gathering column master keys
7/25/2018 6:57:30 PM	Gathering external data sources
7/25/2018 6:57:30 PM	Gathering external tables
7/25/2018 6:57:30 PM	Gathering extended properties
7/25/2018 6:57:33 PM	Scanning project for duplicate elements
7/25/2018 6:57:33 PM	Finished duplicate element processing
7/25/2018 6:57:34 PM	Finished importing database.
7/25/2018 6:57:34 PM	A summary of the import was saved to the following location: C:\Others\expenses\www\Database\Import Schema Logs\Database_20180725045411.log
7/25/2018 6:57:34 PM	Click Finish to continue...
